<?xml version="1.0" encoding="UTF-8"?>
<testng-results ignored="0" total="1" passed="1" failed="0" skipped="0">
  <reporter-output>
  </reporter-output>
  <suite started-at="2021-03-08T20:23:31 EST" name="Surefire suite" finished-at="2021-03-08T20:23:34 EST" duration-ms="2907">
    <groups>
    </groups>
    <test started-at="2021-03-08T20:23:31 EST" name="Surefire test" finished-at="2021-03-08T20:23:34 EST" duration-ms="2907">
      <class name="com.herokuapp.theinternet.PositiveTests">
        <test-method signature="loginTest()[pri:0, instance:com.herokuapp.theinternet.PositiveTests@6069db50]" started-at="2021-03-08T20:23:31 EST" name="loginTest" finished-at="2021-03-08T20:23:34 EST" duration-ms="2885" status="PASS">
          <reporter-output>
          </reporter-output>
        </test-method> <!-- loginTest -->
      </class> <!-- com.herokuapp.theinternet.PositiveTests -->
    </test> <!-- Surefire test -->
  </suite> <!-- Surefire suite -->
</testng-results>
